<?xml version="1.0" encoding="UTF-8"?>
<!-- Generated by org.testng.reporters.JUnitXMLReporter -->
<testsuite ignored="0" hostname="DESKTOP-3BDBSD1" failures="0" tests="3" name="AddCustomersTest" time="3.92" errors="0" timestamp="2025-03-13T00:39:25 IST">
  <testcase classname="com.cdn.testcases.AddCustomersTest" name="addCustomerTest" time="1.596"/>
  <testcase classname="com.cdn.testcases.AddCustomersTest" name="addCustomerTest" time="0.611"/>
  <testcase classname="com.cdn.testcases.AddCustomersTest" name="addCustomerTest" time="0.756"/>
</testsuite> <!-- AddCustomersTest -->
