<?xml version="1.0" encoding="UTF-8"?>
<!-- Generated by org.testng.reporters.JUnitXMLReporter -->
<testsuite ignored="0" hostname="DESKTOP-3BDBSD1" failures="0" tests="3" name="OpenAccuntTest" time="3.788" errors="0" timestamp="2025-03-13T00:39:29 IST">
  <testcase classname="com.cdn.testcases.OpenAccuntTest" name="openAccountTest" time="1.44"/>
  <testcase classname="com.cdn.testcases.OpenAccuntTest" name="openAccountTest" time="0.666"/>
  <testcase classname="com.cdn.testcases.OpenAccuntTest" name="openAccountTest" time="0.655"/>
</testsuite> <!-- OpenAccuntTest -->
