<?xml version="1.0" encoding="UTF-8"?>
<!-- Generated by org.testng.reporters.JUnitXMLReporter -->
<testsuite ignored="0" hostname="DESKTOP-3BDBSD1" failures="0" tests="3" name="AddCustomersTest" time="3.915" errors="0" timestamp="2025-02-11T22:13:41 IST">
  <testcase classname="com.cdn.testcases.AddCustomersTest" name="addCustomerTest" time="1.832"/>
  <testcase classname="com.cdn.testcases.AddCustomersTest" name="addCustomerTest" time="0.014">
    <skipped/>
  </testcase> <!-- addCustomerTest -->
  <testcase classname="com.cdn.testcases.AddCustomersTest" name="addCustomerTest" time="1.285"/>
</testsuite> <!-- AddCustomersTest -->
