<?xml version="1.0" encoding="UTF-8"?>
<!-- Generated by org.testng.reporters.JUnitXMLReporter -->
<testsuite ignored="0" hostname="DESKTOP-3BDBSD1" failures="0" tests="3" name="OpenAccuntTest" time="1.959" errors="0" timestamp="2025-02-11T22:13:43 IST">
  <testcase classname="com.cdn.testcases.OpenAccuntTest" name="openAccountTest" time="0.8"/>
  <testcase classname="com.cdn.testcases.OpenAccuntTest" name="openAccountTest" time="0.001">
    <skipped/>
  </testcase> <!-- openAccountTest -->
  <testcase classname="com.cdn.testcases.OpenAccuntTest" name="openAccountTest" time="0.605"/>
</testsuite> <!-- OpenAccuntTest -->
