<?xml version="1.0" encoding="UTF-8"?>
<testsuite name="AddCustomersTest"
           tests="3"
           failures="0"
           errors="0"
           skipped="1"
           time="3.131">
  <properties />
  
            <testcase name="addCustomerTest" time="0.0" classname="com.cdn.testcases.AddCustomersTest">
          <skipped />
    </testcase>
  
            <testcase name="addCustomerTest" time="1.285" classname="com.cdn.testcases.AddCustomersTest" />
                <testcase name="addCustomerTest" time="1.832" classname="com.cdn.testcases.AddCustomersTest" />
      
</testsuite>
