<?xml version="1.0" encoding="UTF-8"?>
<testng-results ignored="0" total="7" passed="7" failed="0" skipped="0">
  <reporter-output>
    <line>
      <![CDATA[Verify failure: expected [xyz] but found [abc]]]>
    </line>
    <line>
      <![CDATA[</br>]]>
    </line>
    <line>
      <![CDATA[<a target="_blank" href=Thu_Mar_13_00_39_20_IST_2025.jpg><img height=200 width=200 src=Thu_Mar_13_00_39_20_IST_2025.jpg></img></a>]]>
    </line>
    <line>
      <![CDATA[</br>]]>
    </line>
  </reporter-output>
  <suite started-at="2025-03-13T00:39:19 IST" name="DataDrivenProject" finished-at="2025-03-13T00:39:29 IST" duration-ms="10432">
    <groups>
    </groups>
    <test started-at="2025-03-13T00:39:19 IST" name="BankMangerLoginTest" finished-at="2025-03-13T00:39:20 IST" duration-ms="1647">
      <class name="com.cdn.testcases.BankMangerLoginTest">
        <test-method signature="loginTestForBankManager()[pri:0, instance:com.cdn.testcases.BankMangerLoginTest@8bffb8b]" started-at="2025-03-13T00:39:19 IST" name="loginTestForBankManager" finished-at="2025-03-13T00:39:20 IST" duration-ms="1323" status="PASS">
          <reporter-output>
            <line>
              <![CDATA[Verify failure: expected [xyz] but found [abc]]]>
            </line>
            <line>
              <![CDATA[</br>]]>
            </line>
            <line>
              <![CDATA[<a target="_blank" href=Thu_Mar_13_00_39_20_IST_2025.jpg><img height=200 width=200 src=Thu_Mar_13_00_39_20_IST_2025.jpg></img></a>]]>
            </line>
            <line>
              <![CDATA[</br>]]>
            </line>
          </reporter-output>
        </test-method> <!-- loginTestForBankManager -->
      </class> <!-- com.cdn.testcases.BankMangerLoginTest -->
    </test> <!-- BankMangerLoginTest -->
    <test started-at="2025-03-13T00:39:21 IST" name="AddCustomersTest" finished-at="2025-03-13T00:39:25 IST" duration-ms="3920">
      <class name="com.cdn.testcases.AddCustomersTest">
        <test-method signature="addCustomerTest(java.util.Hashtable)[pri:0, instance:com.cdn.testcases.AddCustomersTest@65f58c6e]" started-at="2025-03-13T00:39:21 IST" name="addCustomerTest" data-provider="dp" finished-at="2025-03-13T00:39:23 IST" duration-ms="1596" status="PASS">
          <params>
            <param index="0">
              <value>
                <![CDATA[{postcode=A123, Runmode=Y, lastname=D, firstname=Naveenkumar, alertText=Customer added successfully}]]>
              </value>
            </param>
          </params>
          <reporter-output>
          </reporter-output>
        </test-method> <!-- addCustomerTest -->
        <test-method signature="addCustomerTest(java.util.Hashtable)[pri:0, instance:com.cdn.testcases.AddCustomersTest@65f58c6e]" started-at="2025-03-13T00:39:23 IST" name="addCustomerTest" data-provider="dp" finished-at="2025-03-13T00:39:24 IST" duration-ms="611" status="PASS">
          <params>
            <param index="0">
              <value>
                <![CDATA[{postcode=A23, Runmode=Y, lastname=kumar, firstname=Naveen, alertText=Customer added successfully}]]>
              </value>
            </param>
          </params>
          <reporter-output>
          </reporter-output>
        </test-method> <!-- addCustomerTest -->
        <test-method signature="addCustomerTest(java.util.Hashtable)[pri:0, instance:com.cdn.testcases.AddCustomersTest@65f58c6e]" started-at="2025-03-13T00:39:24 IST" name="addCustomerTest" data-provider="dp" finished-at="2025-03-13T00:39:25 IST" duration-ms="756" status="PASS">
          <params>
            <param index="0">
              <value>
                <![CDATA[{postcode=S2eqe2q, Runmode=Y, lastname=D, firstname=Naveen, alertText=Customer added successfully}]]>
              </value>
            </param>
          </params>
          <reporter-output>
          </reporter-output>
        </test-method> <!-- addCustomerTest -->
      </class> <!-- com.cdn.testcases.AddCustomersTest -->
    </test> <!-- AddCustomersTest -->
    <test started-at="2025-03-13T00:39:25 IST" name="OpenAccuntTest" finished-at="2025-03-13T00:39:29 IST" duration-ms="3788">
      <class name="com.cdn.testcases.OpenAccuntTest">
        <test-method is-config="true" signature="setUp()[pri:0, instance:com.cdn.testcases.OpenAccuntTest@31133b6e]" started-at="2025-03-13T00:39:11 IST" name="setUp" finished-at="2025-03-13T00:39:19 IST" duration-ms="8252" status="PASS">
          <reporter-output>
          </reporter-output>
        </test-method> <!-- setUp -->
        <test-method signature="openAccountTest(java.util.Hashtable)[pri:0, instance:com.cdn.testcases.OpenAccuntTest@31133b6e]" started-at="2025-03-13T00:39:25 IST" name="openAccountTest" data-provider="dp" finished-at="2025-03-13T00:39:27 IST" duration-ms="1440" status="PASS">
          <params>
            <param index="0">
              <value>
                <![CDATA[{Currency=Rupee, Runmode=Y, Customer=Naveenkumar D}]]>
              </value>
            </param>
          </params>
          <reporter-output>
          </reporter-output>
        </test-method> <!-- openAccountTest -->
        <test-method signature="openAccountTest(java.util.Hashtable)[pri:0, instance:com.cdn.testcases.OpenAccuntTest@31133b6e]" started-at="2025-03-13T00:39:27 IST" name="openAccountTest" data-provider="dp" finished-at="2025-03-13T00:39:28 IST" duration-ms="666" status="PASS">
          <params>
            <param index="0">
              <value>
                <![CDATA[{Currency=Dollar, Runmode=Y, Customer=Naveen kumar}]]>
              </value>
            </param>
          </params>
          <reporter-output>
          </reporter-output>
        </test-method> <!-- openAccountTest -->
        <test-method signature="openAccountTest(java.util.Hashtable)[pri:0, instance:com.cdn.testcases.OpenAccuntTest@31133b6e]" started-at="2025-03-13T00:39:28 IST" name="openAccountTest" data-provider="dp" finished-at="2025-03-13T00:39:29 IST" duration-ms="655" status="PASS">
          <params>
            <param index="0">
              <value>
                <![CDATA[{Currency=Pound, Runmode=Y, Customer=Naveen D}]]>
              </value>
            </param>
          </params>
          <reporter-output>
          </reporter-output>
        </test-method> <!-- openAccountTest -->
        <test-method is-config="true" signature="tearDown()[pri:0, instance:com.cdn.testcases.OpenAccuntTest@31133b6e]" started-at="2025-03-13T00:39:29 IST" name="tearDown" finished-at="2025-03-13T00:39:30 IST" duration-ms="638" status="PASS">
          <reporter-output>
          </reporter-output>
        </test-method> <!-- tearDown -->
      </class> <!-- com.cdn.testcases.OpenAccuntTest -->
    </test> <!-- OpenAccuntTest -->
  </suite> <!-- DataDrivenProject -->
</testng-results>
